TN:
SF:src/modules/appointments/services/CreateAppointmentService.ts
FN:80,__decorate
FN:80,__metadata
FN:80,__param
FN:80,__awaiter
FN:80,adopt
FN:80,fulfilled
FN:80,rejected
FN:80,step
FN:80,__generator
FN:80,sent
FN:80,Symbol.function.g.(anonymous function)
FN:80,verb
FN:80,step
FN:80,__importDefault
FN:18,CreateAppointmentService
FN:27,CreateAppointmentService.execute
FNF:16
FNH:14
FNDA:1,__decorate
FNDA:1,__metadata
FNDA:3,__param
FNDA:7,__awaiter
FNDA:9,adopt
FNDA:9,fulfilled
FNDA:0,rejected
FNDA:11,step
FNDA:7,__generator
FNDA:9,sent
FNDA:0,Symbol.function.g.(anonymous function)
FNDA:21,verb
FNDA:16,step
FNDA:1,__importDefault
FNDA:5,CreateAppointmentService
FNDA:7,CreateAppointmentService.execute
DA:1,1
DA:2,1
DA:3,1
DA:4,1
DA:5,1
DA:6,1
DA:7,1
DA:8,1
DA:9,1
DA:10,1
DA:11,1
DA:12,1
DA:13,1
DA:14,1
DA:15,1
DA:16,1
DA:17,1
DA:18,1
DA:19,5
DA:20,5
DA:21,5
DA:22,5
DA:23,5
DA:24,5
DA:25,5
DA:26,1
DA:27,1
DA:28,7
DA:29,7
DA:30,7
DA:31,7
DA:32,7
DA:33,7
DA:34,7
DA:35,1
DA:36,1
DA:37,6
DA:38,7
DA:39,1
DA:40,1
DA:41,5
DA:42,7
DA:43,2
DA:44,2
DA:45,2
DA:46,2
DA:47,3
DA:48,3
DA:49,3
DA:50,3
DA:51,7
DA:52,7
DA:53,1
DA:54,1
DA:55,2
DA:56,2
DA:57,2
DA:58,2
DA:59,2
DA:60,2
DA:61,7
DA:62,7
DA:63,7
DA:64,7
DA:65,7
DA:66,7
DA:67,7
DA:68,7
DA:69,7
DA:70,7
DA:71,7
DA:72,7
DA:73,7
DA:74,7
DA:75,7
DA:76,7
DA:77,7
DA:78,1
DA:79,1
DA:80,1
LF:80
LH:80
BRDA:80,0,0,1
BRDA:80,1,0,1
BRDA:80,2,0,0
BRDA:80,3,0,0
BRDA:80,4,0,0
BRDA:80,5,0,0
BRDA:80,6,0,1
BRDA:80,7,0,3
BRDA:80,8,0,3
BRDA:80,9,0,7
BRDA:80,10,0,9
BRDA:80,11,0,0
BRDA:80,12,0,7
BRDA:80,13,0,9
BRDA:80,14,0,8
BRDA:80,15,0,1
BRDA:80,16,0,11
BRDA:80,17,0,2
BRDA:80,18,0,9
BRDA:80,19,0,7
BRDA:80,20,0,9
BRDA:80,21,0,0
BRDA:80,22,0,21
BRDA:80,23,0,16
BRDA:80,24,0,16
BRDA:80,25,0,0
BRDA:80,26,0,32
BRDA:80,27,0,0
BRDA:80,28,0,0
BRDA:80,29,0,0
BRDA:80,30,0,0
BRDA:80,31,0,16
BRDA:80,32,0,16
BRDA:80,33,0,0
BRDA:80,34,0,9
BRDA:80,35,0,0
BRDA:80,36,0,7
BRDA:80,37,0,0
BRDA:80,38,0,2
BRDA:80,39,0,0
BRDA:80,40,0,0
BRDA:80,41,0,0
BRDA:80,42,0,0
BRDA:80,43,0,0
BRDA:80,44,0,16
BRDA:80,45,0,11
BRDA:80,46,0,5
BRDA:80,47,0,16
BRDA:80,48,0,7
BRDA:80,49,0,5
BRDA:80,50,0,2
BRDA:80,51,0,0
BRDA:80,52,0,1
BRDA:80,53,0,0
BRDA:17,54,0,1
BRDA:18,55,0,5
BRDA:27,56,0,7
BRDA:80,57,0,7
BRDA:80,58,0,16
BRDA:80,59,0,7
BRDA:34,60,0,1
BRDA:36,61,0,6
BRDA:38,62,0,1
BRDA:40,63,0,5
BRDA:42,64,0,4
BRDA:42,65,0,2
BRDA:46,66,0,3
BRDA:80,67,0,0
BRDA:80,68,0,3
BRDA:52,69,0,1
BRDA:54,70,0,2
BRDA:80,71,0,0
BRDA:80,72,0,2
BRDA:80,73,0,0
BRDA:80,74,0,2
BRDA:80,75,0,0
BRDA:80,76,0,2
BRDA:80,77,0,0
BRF:78
BRH:52
end_of_record
TN:
SF:src/modules/appointments/services/ListProviderAppoitmentsService.ts
FN:50,__decorate
FN:50,__metadata
FN:50,__param
FN:50,__awaiter
FN:50,adopt
FN:50,fulfilled
FN:50,rejected
FN:50,step
FN:50,__generator
FN:50,sent
FN:50,Symbol.function.g.(anonymous function)
FN:50,verb
FN:50,step
FN:16,ListProviderAppoitmentsService
FN:23,ListProviderAppoitmentsService.execute
FNF:15
FNH:13
FNDA:1,__decorate
FNDA:1,__metadata
FNDA:2,__param
FNDA:1,__awaiter
FNDA:3,adopt
FNDA:3,fulfilled
FNDA:0,rejected
FNDA:4,step
FNDA:1,__generator
FNDA:3,sent
FNDA:0,Symbol.function.g.(anonymous function)
FNDA:3,verb
FNDA:4,step
FNDA:1,ListProviderAppoitmentsService
FNDA:1,ListProviderAppoitmentsService.execute
DA:1,1
DA:2,1
DA:3,1
DA:4,1
DA:5,1
DA:6,1
DA:7,1
DA:8,1
DA:9,1
DA:10,1
DA:11,1
DA:12,1
DA:13,1
DA:14,1
DA:15,1
DA:16,1
DA:17,1
DA:18,1
DA:19,1
DA:20,1
DA:21,1
DA:22,1
DA:23,1
DA:24,1
DA:25,1
DA:26,1
DA:27,1
DA:28,1
DA:29,1
DA:30,1
DA:31,1
DA:32,1
DA:33,1
DA:34,1
DA:35,1
DA:36,1
DA:37,1
DA:38,1
DA:39,1
DA:40,1
DA:41,1
DA:42,1
DA:43,1
DA:44,1
DA:45,1
DA:46,1
DA:47,1
DA:48,1
DA:49,1
DA:50,1
LF:50
LH:50
BRDA:50,0,0,1
BRDA:50,1,0,1
BRDA:50,2,0,0
BRDA:50,3,0,0
BRDA:50,4,0,0
BRDA:50,5,0,0
BRDA:50,6,0,1
BRDA:50,7,0,2
BRDA:50,8,0,2
BRDA:50,9,0,1
BRDA:50,10,0,3
BRDA:50,11,0,0
BRDA:50,12,0,1
BRDA:50,13,0,3
BRDA:50,14,0,0
BRDA:50,15,0,4
BRDA:50,16,0,1
BRDA:50,17,0,3
BRDA:50,18,0,1
BRDA:50,19,0,3
BRDA:50,20,0,0
BRDA:50,21,0,3
BRDA:50,22,0,4
BRDA:50,23,0,4
BRDA:50,24,0,0
BRDA:50,25,0,8
BRDA:50,26,0,0
BRDA:50,27,0,0
BRDA:50,28,0,0
BRDA:50,29,0,0
BRDA:50,30,0,4
BRDA:50,31,0,4
BRDA:50,32,0,0
BRDA:50,33,0,3
BRDA:50,34,0,0
BRDA:50,35,0,1
BRDA:50,36,0,0
BRDA:50,37,0,0
BRDA:50,38,0,0
BRDA:50,39,0,0
BRDA:50,40,0,0
BRDA:50,41,0,0
BRDA:50,42,0,4
BRDA:50,43,0,0
BRDA:50,44,0,4
BRDA:50,45,0,1
BRDA:50,46,0,0
BRDA:50,47,0,1
BRDA:50,48,0,0
BRDA:15,49,0,1
BRDA:16,50,0,1
BRDA:23,51,0,1
BRDA:50,52,0,1
BRDA:50,53,0,4
BRDA:50,54,0,1
BRDA:50,55,0,0
BRDA:50,56,0,1
BRDA:34,57,0,0
BRDA:50,58,0,0
BRDA:50,59,0,1
BRDA:50,60,0,0
BRDA:50,61,0,1
BRDA:46,62,0,1
BRDA:50,63,0,0
BRF:64
BRH:36
end_of_record
TN:
SF:src/modules/appointments/services/ListProviderDayAvailabilityService.ts
FN:63,__decorate
FN:63,__metadata
FN:63,__param
FN:63,__awaiter
FN:63,adopt
FN:63,fulfilled
FN:63,rejected
FN:63,step
FN:63,__generator
FN:63,sent
FN:63,Symbol.function.g.(anonymous function)
FN:63,verb
FN:63,step
FN:20,ListProviderDayAvailabilityService
FN:25,ListProviderDayAvailabilityService.execute
FNF:15
FNH:13
FNDA:1,__decorate
FNDA:1,__metadata
FNDA:1,__param
FNDA:1,__awaiter
FNDA:1,adopt
FNDA:1,fulfilled
FNDA:0,rejected
FNDA:2,step
FNDA:1,__generator
FNDA:1,sent
FNDA:0,Symbol.function.g.(anonymous function)
FNDA:3,verb
FNDA:2,step
FNDA:1,ListProviderDayAvailabilityService
FNDA:1,ListProviderDayAvailabilityService.execute
DA:1,1
DA:2,1
DA:3,1
DA:4,1
DA:5,1
DA:6,1
DA:7,1
DA:8,1
DA:9,1
DA:10,1
DA:11,1
DA:12,1
DA:13,1
DA:14,1
DA:15,1
DA:16,1
DA:17,1
DA:18,1
DA:19,1
DA:20,1
DA:21,1
DA:22,1
DA:23,1
DA:24,1
DA:25,1
DA:26,1
DA:27,1
DA:28,1
DA:29,1
DA:30,1
DA:31,1
DA:32,1
DA:33,1
DA:34,1
DA:35,1
DA:36,1
DA:37,1
DA:38,1
DA:39,1
DA:40,1
DA:41,1
DA:42,1
DA:43,1
DA:44,1
DA:45,1
DA:46,1
DA:47,1
DA:48,10
DA:49,10
DA:50,10
DA:51,10
DA:52,10
DA:53,10
DA:54,10
DA:55,10
DA:56,10
DA:57,10
DA:58,1
DA:59,1
DA:60,1
DA:61,1
DA:62,1
DA:63,1
LF:63
LH:63
BRDA:63,0,0,1
BRDA:63,1,0,1
BRDA:63,2,0,0
BRDA:63,3,0,0
BRDA:63,4,0,0
BRDA:63,5,0,0
BRDA:63,6,0,1
BRDA:63,7,0,1
BRDA:63,8,0,1
BRDA:63,9,0,1
BRDA:63,10,0,1
BRDA:63,11,0,0
BRDA:63,12,0,1
BRDA:63,13,0,1
BRDA:63,14,0,0
BRDA:63,15,0,2
BRDA:63,16,0,1
BRDA:63,17,0,1
BRDA:63,18,0,1
BRDA:63,19,0,1
BRDA:63,20,0,0
BRDA:63,21,0,3
BRDA:63,22,0,2
BRDA:63,23,0,2
BRDA:63,24,0,0
BRDA:63,25,0,4
BRDA:63,26,0,0
BRDA:63,27,0,0
BRDA:63,28,0,0
BRDA:63,29,0,0
BRDA:63,30,0,2
BRDA:63,31,0,2
BRDA:63,32,0,0
BRDA:63,33,0,1
BRDA:63,34,0,0
BRDA:63,35,0,1
BRDA:63,36,0,0
BRDA:63,37,0,0
BRDA:63,38,0,0
BRDA:63,39,0,0
BRDA:63,40,0,0
BRDA:63,41,0,0
BRDA:63,42,0,2
BRDA:63,43,0,0
BRDA:63,44,0,2
BRDA:63,45,0,1
BRDA:63,46,0,0
BRDA:63,47,0,1
BRDA:63,48,0,0
BRDA:19,49,0,1
BRDA:20,50,0,1
BRDA:25,51,0,1
BRDA:63,52,0,1
BRDA:63,53,0,2
BRDA:31,54,0,1
BRDA:63,55,0,0
BRDA:63,56,0,1
BRDA:63,57,0,0
BRDA:42,58,0,10
BRDA:47,59,0,10
BRDA:56,60,0,8
BRDA:49,61,0,19
BRF:62
BRH:37
end_of_record
TN:
SF:src/modules/appointments/services/ListProviderMonthAvailabilityService.ts
FN:58,__decorate
FN:58,__metadata
FN:58,__param
FN:58,__awaiter
FN:58,adopt
FN:58,fulfilled
FN:58,rejected
FN:58,step
FN:58,__generator
FN:58,sent
FN:58,Symbol.function.g.(anonymous function)
FN:58,verb
FN:58,step
FN:21,ListProviderMonthAvailabilityService
FN:26,ListProviderMonthAvailabilityService.execute
FNF:15
FNH:13
FNDA:1,__decorate
FNDA:1,__metadata
FNDA:1,__param
FNDA:1,__awaiter
FNDA:1,adopt
FNDA:1,fulfilled
FNDA:0,rejected
FNDA:2,step
FNDA:1,__generator
FNDA:1,sent
FNDA:0,Symbol.function.g.(anonymous function)
FNDA:3,verb
FNDA:2,step
FNDA:1,ListProviderMonthAvailabilityService
FNDA:1,ListProviderMonthAvailabilityService.execute
DA:1,1
DA:2,1
DA:3,1
DA:4,1
DA:5,1
DA:6,1
DA:7,1
DA:8,1
DA:9,1
DA:10,1
DA:11,1
DA:12,1
DA:13,1
DA:14,1
DA:15,1
DA:16,1
DA:17,1
DA:18,1
DA:19,1
DA:20,1
DA:21,1
DA:22,1
DA:23,1
DA:24,1
DA:25,1
DA:26,1
DA:27,1
DA:28,1
DA:29,1
DA:30,1
DA:31,1
DA:32,1
DA:33,1
DA:34,1
DA:35,1
DA:36,1
DA:37,1
DA:38,1
DA:39,1
DA:40,1
DA:41,1
DA:42,1
DA:43,1
DA:44,1
DA:45,1
DA:46,31
DA:47,341
DA:48,31
DA:49,31
DA:50,31
DA:51,31
DA:52,31
DA:53,1
DA:54,1
DA:55,1
DA:56,1
DA:57,1
DA:58,1
LF:58
LH:58
BRDA:58,0,0,1
BRDA:58,1,0,1
BRDA:58,2,0,0
BRDA:58,3,0,0
BRDA:58,4,0,0
BRDA:58,5,0,0
BRDA:58,6,0,1
BRDA:58,7,0,1
BRDA:58,8,0,1
BRDA:58,9,0,1
BRDA:58,10,0,1
BRDA:58,11,0,0
BRDA:58,12,0,1
BRDA:58,13,0,1
BRDA:58,14,0,0
BRDA:58,15,0,2
BRDA:58,16,0,1
BRDA:58,17,0,1
BRDA:58,18,0,1
BRDA:58,19,0,1
BRDA:58,20,0,0
BRDA:58,21,0,3
BRDA:58,22,0,2
BRDA:58,23,0,2
BRDA:58,24,0,0
BRDA:58,25,0,4
BRDA:58,26,0,0
BRDA:58,27,0,0
BRDA:58,28,0,0
BRDA:58,29,0,0
BRDA:58,30,0,2
BRDA:58,31,0,2
BRDA:58,32,0,0
BRDA:58,33,0,1
BRDA:58,34,0,0
BRDA:58,35,0,1
BRDA:58,36,0,0
BRDA:58,37,0,0
BRDA:58,38,0,0
BRDA:58,39,0,0
BRDA:58,40,0,0
BRDA:58,41,0,0
BRDA:58,42,0,2
BRDA:58,43,0,0
BRDA:58,44,0,2
BRDA:58,45,0,1
BRDA:58,46,0,0
BRDA:58,47,0,1
BRDA:58,48,0,0
BRDA:20,49,0,1
BRDA:21,50,0,1
BRDA:26,51,0,1
BRDA:58,52,0,1
BRDA:58,53,0,2
BRDA:31,54,0,1
BRDA:58,55,0,0
BRDA:58,56,0,1
BRDA:58,57,0,0
BRDA:41,58,0,31
BRDA:45,59,0,31
BRDA:46,60,0,341
BRF:61
BRH:36
end_of_record
TN:
SF:src/modules/appointments/services/ListProvidersService.ts
FN:37,__decorate
FN:37,__metadata
FN:37,__param
FN:37,__awaiter
FN:37,adopt
FN:37,fulfilled
FN:37,rejected
FN:37,step
FN:37,__generator
FN:37,sent
FN:37,Symbol.function.g.(anonymous function)
FN:37,verb
FN:37,step
FN:13,ListProvidersService
FN:20,ListProvidersService.execute
FNF:15
FNH:13
FNDA:1,__decorate
FNDA:1,__metadata
FNDA:2,__param
FNDA:1,__awaiter
FNDA:3,adopt
FNDA:3,fulfilled
FNDA:0,rejected
FNDA:4,step
FNDA:1,__generator
FNDA:3,sent
FNDA:0,Symbol.function.g.(anonymous function)
FNDA:3,verb
FNDA:4,step
FNDA:1,ListProvidersService
FNDA:1,ListProvidersService.execute
DA:1,1
DA:2,1
DA:3,1
DA:4,1
DA:5,1
DA:6,1
DA:7,1
DA:8,1
DA:9,1
DA:10,1
DA:11,1
DA:12,1
DA:13,1
DA:14,1
DA:15,1
DA:16,1
DA:17,1
DA:18,1
DA:19,1
DA:20,1
DA:21,1
DA:22,1
DA:23,1
DA:24,1
DA:25,1
DA:26,1
DA:27,1
DA:28,1
DA:29,1
DA:30,1
DA:31,1
DA:32,1
DA:33,1
DA:34,1
DA:35,1
DA:36,1
DA:37,1
LF:37
LH:37
BRDA:37,0,0,1
BRDA:37,1,0,1
BRDA:37,2,0,0
BRDA:37,3,0,0
BRDA:37,4,0,0
BRDA:37,5,0,0
BRDA:37,6,0,1
BRDA:37,7,0,2
BRDA:37,8,0,2
BRDA:37,9,0,1
BRDA:37,10,0,3
BRDA:37,11,0,0
BRDA:37,12,0,1
BRDA:37,13,0,3
BRDA:37,14,0,0
BRDA:37,15,0,4
BRDA:37,16,0,1
BRDA:37,17,0,3
BRDA:37,18,0,1
BRDA:37,19,0,3
BRDA:37,20,0,0
BRDA:37,21,0,3
BRDA:37,22,0,4
BRDA:37,23,0,4
BRDA:37,24,0,0
BRDA:37,25,0,8
BRDA:37,26,0,0
BRDA:37,27,0,0
BRDA:37,28,0,0
BRDA:37,29,0,0
BRDA:37,30,0,4
BRDA:37,31,0,4
BRDA:37,32,0,0
BRDA:37,33,0,3
BRDA:37,34,0,0
BRDA:37,35,0,1
BRDA:37,36,0,0
BRDA:37,37,0,0
BRDA:37,38,0,0
BRDA:37,39,0,0
BRDA:37,40,0,0
BRDA:37,41,0,0
BRDA:37,42,0,4
BRDA:37,43,0,0
BRDA:37,44,0,4
BRDA:37,45,0,1
BRDA:37,46,0,0
BRDA:37,47,0,1
BRDA:37,48,0,0
BRDA:12,49,0,1
BRDA:13,50,0,1
BRDA:20,51,0,1
BRDA:37,52,0,1
BRDA:37,53,0,4
BRDA:21,54,0,1
BRDA:37,55,0,0
BRDA:37,56,0,1
BRDA:25,57,0,0
BRDA:37,58,0,0
BRDA:37,59,0,1
BRDA:37,60,0,0
BRDA:37,61,0,1
BRDA:33,62,0,1
BRDA:37,63,0,0
BRF:64
BRH:36
end_of_record
TN:
SF:src/modules/users/services/AuthenticateUserService.ts
FN:57,__decorate
FN:57,__metadata
FN:57,__param
FN:57,__awaiter
FN:57,adopt
FN:57,fulfilled
FN:57,rejected
FN:57,step
FN:57,__generator
FN:57,sent
FN:57,Symbol.function.g.(anonymous function)
FN:57,verb
FN:57,step
FN:57,__importDefault
FN:22,AuthenticateUserServices
FN:28,AuthenticateUserServices.execute
FNF:16
FNH:14
FNDA:1,__decorate
FNDA:1,__metadata
FNDA:2,__param
FNDA:3,__awaiter
FNDA:5,adopt
FNDA:5,fulfilled
FNDA:0,rejected
FNDA:6,step
FNDA:3,__generator
FNDA:5,sent
FNDA:0,Symbol.function.g.(anonymous function)
FNDA:9,verb
FNDA:8,step
FNDA:2,__importDefault
FNDA:3,AuthenticateUserServices
FNDA:3,AuthenticateUserServices.execute
DA:1,1
DA:2,1
DA:3,1
DA:4,1
DA:5,1
DA:6,1
DA:7,1
DA:8,1
DA:9,1
DA:10,1
DA:11,1
DA:12,1
DA:13,1
DA:14,1
DA:15,1
DA:16,1
DA:17,1
DA:18,1
DA:19,1
DA:20,1
DA:21,1
DA:22,1
DA:23,3
DA:24,3
DA:25,3
DA:26,3
DA:27,1
DA:28,1
DA:29,3
DA:30,3
DA:31,3
DA:32,1
DA:33,1
DA:34,2
DA:35,2
DA:36,2
DA:37,2
DA:38,2
DA:39,3
DA:40,3
DA:41,1
DA:42,1
DA:43,1
DA:44,1
DA:45,1
DA:46,1
DA:47,1
DA:48,1
DA:49,1
DA:50,1
DA:51,1
DA:52,1
DA:53,1
DA:54,3
DA:55,1
DA:56,1
DA:57,1
LF:57
LH:57
BRDA:57,0,0,1
BRDA:57,1,0,1
BRDA:57,2,0,0
BRDA:57,3,0,0
BRDA:57,4,0,0
BRDA:57,5,0,0
BRDA:57,6,0,1
BRDA:57,7,0,2
BRDA:57,8,0,2
BRDA:57,9,0,3
BRDA:57,10,0,5
BRDA:57,11,0,0
BRDA:57,12,0,3
BRDA:57,13,0,5
BRDA:57,14,0,3
BRDA:57,15,0,2
BRDA:57,16,0,6
BRDA:57,17,0,1
BRDA:57,18,0,5
BRDA:57,19,0,3
BRDA:57,20,0,5
BRDA:57,21,0,0
BRDA:57,22,0,9
BRDA:57,23,0,8
BRDA:57,24,0,8
BRDA:57,25,0,0
BRDA:57,26,0,16
BRDA:57,27,0,0
BRDA:57,28,0,0
BRDA:57,29,0,0
BRDA:57,30,0,0
BRDA:57,31,0,8
BRDA:57,32,0,8
BRDA:57,33,0,0
BRDA:57,34,0,5
BRDA:57,35,0,0
BRDA:57,36,0,3
BRDA:57,37,0,0
BRDA:57,38,0,1
BRDA:57,39,0,0
BRDA:57,40,0,0
BRDA:57,41,0,0
BRDA:57,42,0,0
BRDA:57,43,0,0
BRDA:57,44,0,8
BRDA:57,45,0,6
BRDA:57,46,0,2
BRDA:57,47,0,8
BRDA:57,48,0,3
BRDA:57,49,0,2
BRDA:57,50,0,1
BRDA:57,51,0,0
BRDA:57,52,0,2
BRDA:57,53,0,0
BRDA:21,54,0,1
BRDA:22,55,0,3
BRDA:28,56,0,3
BRDA:57,57,0,3
BRDA:57,58,0,8
BRDA:29,59,0,3
BRDA:57,60,0,0
BRDA:57,61,0,3
BRDA:31,62,0,1
BRDA:33,63,0,2
BRDA:57,64,0,0
BRDA:57,65,0,2
BRDA:40,66,0,1
BRDA:57,67,0,0
BRF:68
BRH:44
end_of_record
TN:
SF:src/modules/users/services/CreateUserService.ts
FN:47,__decorate
FN:47,__metadata
FN:47,__param
FN:47,__awaiter
FN:47,adopt
FN:47,fulfilled
FN:47,rejected
FN:47,step
FN:47,__generator
FN:47,sent
FN:47,Symbol.function.g.(anonymous function)
FN:47,verb
FN:47,step
FN:47,__importDefault
FN:17,CreateUserService
FN:26,CreateUserService.execute
FNF:16
FNH:14
FNDA:1,__decorate
FNDA:1,__metadata
FNDA:3,__param
FNDA:3,__awaiter
FNDA:9,adopt
FNDA:9,fulfilled
FNDA:0,rejected
FNDA:11,step
FNDA:3,__generator
FNDA:9,sent
FNDA:0,Symbol.function.g.(anonymous function)
FNDA:9,verb
FNDA:12,step
FNDA:1,__importDefault
FNDA:2,CreateUserService
FNDA:3,CreateUserService.execute
DA:1,1
DA:2,1
DA:3,1
DA:4,1
DA:5,1
DA:6,1
DA:7,1
DA:8,1
DA:9,1
DA:10,1
DA:11,1
DA:12,1
DA:13,1
DA:14,1
DA:15,1
DA:16,1
DA:17,1
DA:18,2
DA:19,2
DA:20,2
DA:21,2
DA:22,2
DA:23,2
DA:24,2
DA:25,1
DA:26,1
DA:27,3
DA:28,3
DA:29,3
DA:30,1
DA:31,1
DA:32,2
DA:33,2
DA:34,3
DA:35,3
DA:36,3
DA:37,3
DA:38,3
DA:39,3
DA:40,3
DA:41,3
DA:42,3
DA:43,3
DA:44,3
DA:45,1
DA:46,1
DA:47,1
LF:47
LH:47
BRDA:47,0,0,1
BRDA:47,1,0,1
BRDA:47,2,0,0
BRDA:47,3,0,0
BRDA:47,4,0,0
BRDA:47,5,0,0
BRDA:47,6,0,1
BRDA:47,7,0,3
BRDA:47,8,0,3
BRDA:47,9,0,3
BRDA:47,10,0,9
BRDA:47,11,0,0
BRDA:47,12,0,3
BRDA:47,13,0,9
BRDA:47,14,0,8
BRDA:47,15,0,1
BRDA:47,16,0,11
BRDA:47,17,0,2
BRDA:47,18,0,9
BRDA:47,19,0,3
BRDA:47,20,0,9
BRDA:47,21,0,0
BRDA:47,22,0,9
BRDA:47,23,0,12
BRDA:47,24,0,12
BRDA:47,25,0,0
BRDA:47,26,0,24
BRDA:47,27,0,0
BRDA:47,28,0,0
BRDA:47,29,0,0
BRDA:47,30,0,0
BRDA:47,31,0,12
BRDA:47,32,0,12
BRDA:47,33,0,0
BRDA:47,34,0,9
BRDA:47,35,0,0
BRDA:47,36,0,3
BRDA:47,37,0,0
BRDA:47,38,0,2
BRDA:47,39,0,0
BRDA:47,40,0,0
BRDA:47,41,0,0
BRDA:47,42,0,0
BRDA:47,43,0,0
BRDA:47,44,0,12
BRDA:47,45,0,11
BRDA:47,46,0,1
BRDA:47,47,0,12
BRDA:47,48,0,3
BRDA:47,49,0,1
BRDA:47,50,0,2
BRDA:47,51,0,0
BRDA:47,52,0,1
BRDA:47,53,0,0
BRDA:16,54,0,1
BRDA:17,55,0,2
BRDA:26,56,0,3
BRDA:47,57,0,3
BRDA:47,58,0,12
BRDA:27,59,0,3
BRDA:47,60,0,0
BRDA:47,61,0,3
BRDA:29,62,0,1
BRDA:31,63,0,2
BRDA:47,64,0,0
BRDA:47,65,0,2
BRDA:47,66,0,0
BRDA:47,67,0,2
BRDA:47,68,0,0
BRDA:47,69,0,2
BRDA:47,70,0,0
BRF:71
BRH:45
end_of_record
TN:
SF:src/modules/users/services/ResetPasswordService.ts
FN:46,__decorate
FN:46,__metadata
FN:46,__param
FN:46,__awaiter
FN:46,adopt
FN:46,fulfilled
FN:46,rejected
FN:46,step
FN:46,__generator
FN:46,sent
FN:46,Symbol.function.g.(anonymous function)
FN:46,verb
FN:46,step
FN:46,__importDefault
FN:17,ResetPasswordService
FN:26,ResetPasswordService.execute
FNF:16
FNH:14
FNDA:1,__decorate
FNDA:1,__metadata
FNDA:3,__param
FNDA:4,__awaiter
FNDA:9,adopt
FNDA:9,fulfilled
FNDA:0,rejected
FNDA:10,step
FNDA:4,__generator
FNDA:9,sent
FNDA:0,Symbol.function.g.(anonymous function)
FNDA:12,verb
FNDA:13,step
FNDA:1,__importDefault
FNDA:4,ResetPasswordService
FNDA:4,ResetPasswordService.execute
DA:1,1
DA:2,1
DA:3,1
DA:4,1
DA:5,1
DA:6,1
DA:7,1
DA:8,1
DA:9,1
DA:10,1
DA:11,1
DA:12,1
DA:13,1
DA:14,1
DA:15,1
DA:16,1
DA:17,1
DA:18,4
DA:19,4
DA:20,4
DA:21,4
DA:22,4
DA:23,4
DA:24,4
DA:25,1
DA:26,1
DA:27,4
DA:28,4
DA:29,1
DA:30,1
DA:31,3
DA:32,4
DA:33,1
DA:34,1
DA:35,2
DA:36,2
DA:37,2
DA:38,4
DA:39,1
DA:40,1
DA:41,1
DA:42,4
DA:43,4
DA:44,1
DA:45,1
DA:46,1
LF:46
LH:46
BRDA:46,0,0,1
BRDA:46,1,0,1
BRDA:46,2,0,0
BRDA:46,3,0,0
BRDA:46,4,0,0
BRDA:46,5,0,0
BRDA:46,6,0,1
BRDA:46,7,0,3
BRDA:46,8,0,3
BRDA:46,9,0,4
BRDA:46,10,0,9
BRDA:46,11,0,0
BRDA:46,12,0,4
BRDA:46,13,0,9
BRDA:46,14,0,6
BRDA:46,15,0,3
BRDA:46,16,0,10
BRDA:46,17,0,1
BRDA:46,18,0,9
BRDA:46,19,0,4
BRDA:46,20,0,9
BRDA:46,21,0,0
BRDA:46,22,0,12
BRDA:46,23,0,13
BRDA:46,24,0,13
BRDA:46,25,0,0
BRDA:46,26,0,26
BRDA:46,27,0,0
BRDA:46,28,0,0
BRDA:46,29,0,0
BRDA:46,30,0,0
BRDA:46,31,0,13
BRDA:46,32,0,13
BRDA:46,33,0,0
BRDA:46,34,0,9
BRDA:46,35,0,0
BRDA:46,36,0,4
BRDA:46,37,0,0
BRDA:46,38,0,1
BRDA:46,39,0,0
BRDA:46,40,0,0
BRDA:46,41,0,0
BRDA:46,42,0,0
BRDA:46,43,0,0
BRDA:46,44,0,13
BRDA:46,45,0,10
BRDA:46,46,0,3
BRDA:46,47,0,13
BRDA:46,48,0,4
BRDA:46,49,0,3
BRDA:46,50,0,1
BRDA:46,51,0,0
BRDA:46,52,0,1
BRDA:46,53,0,0
BRDA:16,54,0,1
BRDA:17,55,0,4
BRDA:26,56,0,4
BRDA:46,57,0,4
BRDA:46,58,0,13
BRDA:27,59,0,4
BRDA:46,60,0,0
BRDA:46,61,0,4
BRDA:28,62,0,1
BRDA:30,63,0,3
BRDA:46,64,0,0
BRDA:46,65,0,3
BRDA:32,66,0,1
BRDA:34,67,0,2
BRDA:38,68,0,1
BRDA:46,69,0,0
BRDA:46,70,0,1
BRDA:46,71,0,0
BRDA:46,72,0,1
BRDA:46,73,0,0
BRF:74
BRH:48
end_of_record
TN:
SF:src/modules/users/services/SendForgotPasswordEmailService.ts
FN:55,__decorate
FN:55,__metadata
FN:55,__param
FN:55,__awaiter
FN:55,adopt
FN:55,fulfilled
FN:55,rejected
FN:55,step
FN:55,__generator
FN:55,sent
FN:55,Symbol.function.g.(anonymous function)
FN:55,verb
FN:55,step
FN:55,__importDefault
FN:16,SendForgotPasswordEmailService
FN:25,SendForgotPasswordEmailService.execute
FNF:16
FNH:14
FNDA:1,__decorate
FNDA:1,__metadata
FNDA:3,__param
FNDA:3,__awaiter
FNDA:7,adopt
FNDA:7,fulfilled
FNDA:0,rejected
FNDA:9,step
FNDA:3,__generator
FNDA:7,sent
FNDA:0,Symbol.function.g.(anonymous function)
FNDA:9,verb
FNDA:10,step
FNDA:2,__importDefault
FNDA:3,SendForgotPasswordEmailService
FNDA:3,SendForgotPasswordEmailService.execute
DA:1,1
DA:2,1
DA:3,1
DA:4,1
DA:5,1
DA:6,1
DA:7,1
DA:8,1
DA:9,1
DA:10,1
DA:11,1
DA:12,1
DA:13,1
DA:14,1
DA:15,1
DA:16,1
DA:17,3
DA:18,3
DA:19,3
DA:20,3
DA:21,3
DA:22,3
DA:23,3
DA:24,1
DA:25,1
DA:26,3
DA:27,3
DA:28,1
DA:29,1
DA:30,2
DA:31,3
DA:32,3
DA:33,3
DA:34,3
DA:35,3
DA:36,3
DA:37,3
DA:38,3
DA:39,3
DA:40,3
DA:41,3
DA:42,3
DA:43,3
DA:44,3
DA:45,3
DA:46,3
DA:47,3
DA:48,3
DA:49,3
DA:50,3
DA:51,3
DA:52,3
DA:53,1
DA:54,1
DA:55,1
LF:55
LH:55
BRDA:55,0,0,1
BRDA:55,1,0,1
BRDA:55,2,0,0
BRDA:55,3,0,0
BRDA:55,4,0,0
BRDA:55,5,0,0
BRDA:55,6,0,1
BRDA:55,7,0,3
BRDA:55,8,0,3
BRDA:55,9,0,3
BRDA:55,10,0,7
BRDA:55,11,0,0
BRDA:55,12,0,3
BRDA:55,13,0,7
BRDA:55,14,0,6
BRDA:55,15,0,1
BRDA:55,16,0,9
BRDA:55,17,0,2
BRDA:55,18,0,7
BRDA:55,19,0,3
BRDA:55,20,0,7
BRDA:55,21,0,0
BRDA:55,22,0,9
BRDA:55,23,0,10
BRDA:55,24,0,10
BRDA:55,25,0,0
BRDA:55,26,0,20
BRDA:55,27,0,0
BRDA:55,28,0,0
BRDA:55,29,0,0
BRDA:55,30,0,0
BRDA:55,31,0,10
BRDA:55,32,0,10
BRDA:55,33,0,0
BRDA:55,34,0,7
BRDA:55,35,0,0
BRDA:55,36,0,3
BRDA:55,37,0,0
BRDA:55,38,0,2
BRDA:55,39,0,0
BRDA:55,40,0,0
BRDA:55,41,0,0
BRDA:55,42,0,0
BRDA:55,43,0,0
BRDA:55,44,0,10
BRDA:55,45,0,9
BRDA:55,46,0,1
BRDA:55,47,0,10
BRDA:55,48,0,3
BRDA:55,49,0,1
BRDA:55,50,0,2
BRDA:55,51,0,0
BRDA:55,52,0,2
BRDA:55,53,0,1
BRDA:55,54,0,1
BRDA:15,55,0,1
BRDA:16,56,0,3
BRDA:25,57,0,3
BRDA:55,58,0,3
BRDA:55,59,0,10
BRDA:26,60,0,3
BRDA:55,61,0,0
BRDA:55,62,0,3
BRDA:27,63,0,1
BRDA:29,64,0,2
BRDA:55,65,0,0
BRDA:55,66,0,2
BRDA:55,67,0,0
BRDA:55,68,0,2
BRDA:55,69,0,0
BRF:70
BRH:46
end_of_record
TN:
SF:src/modules/users/services/ShowProfileService.ts
FN:29,__decorate
FN:29,__metadata
FN:29,__param
FN:29,__awaiter
FN:29,adopt
FN:29,fulfilled
FN:29,rejected
FN:29,step
FN:29,__generator
FN:29,sent
FN:29,Symbol.function.g.(anonymous function)
FN:29,verb
FN:29,step
FN:29,__importDefault
FN:13,ShowProfileService
FN:17,ShowProfileService.execute
FNF:16
FNH:14
FNDA:1,__decorate
FNDA:1,__metadata
FNDA:1,__param
FNDA:2,__awaiter
FNDA:2,adopt
FNDA:2,fulfilled
FNDA:0,rejected
FNDA:3,step
FNDA:2,__generator
FNDA:2,sent
FNDA:0,Symbol.function.g.(anonymous function)
FNDA:6,verb
FNDA:4,step
FNDA:1,__importDefault
FNDA:2,ShowProfileService
FNDA:2,ShowProfileService.execute
DA:1,1
DA:2,1
DA:3,1
DA:4,1
DA:5,1
DA:6,1
DA:7,1
DA:8,1
DA:9,1
DA:10,1
DA:11,1
DA:12,1
DA:13,1
DA:14,2
DA:15,2
DA:16,1
DA:17,1
DA:18,2
DA:19,2
DA:20,1
DA:21,1
DA:22,1
DA:23,1
DA:24,1
DA:25,1
DA:26,2
DA:27,1
DA:28,1
DA:29,1
LF:29
LH:29
BRDA:29,0,0,1
BRDA:29,1,0,1
BRDA:29,2,0,0
BRDA:29,3,0,0
BRDA:29,4,0,0
BRDA:29,5,0,0
BRDA:29,6,0,1
BRDA:29,7,0,1
BRDA:29,8,0,1
BRDA:29,9,0,2
BRDA:29,10,0,2
BRDA:29,11,0,0
BRDA:29,12,0,2
BRDA:29,13,0,2
BRDA:29,14,0,1
BRDA:29,15,0,3
BRDA:29,16,0,1
BRDA:29,17,0,2
BRDA:29,18,0,2
BRDA:29,19,0,2
BRDA:29,20,0,0
BRDA:29,21,0,6
BRDA:29,22,0,4
BRDA:29,23,0,4
BRDA:29,24,0,0
BRDA:29,25,0,8
BRDA:29,26,0,0
BRDA:29,27,0,0
BRDA:29,28,0,0
BRDA:29,29,0,0
BRDA:29,30,0,4
BRDA:29,31,0,4
BRDA:29,32,0,0
BRDA:29,33,0,2
BRDA:29,34,0,0
BRDA:29,35,0,2
BRDA:29,36,0,0
BRDA:29,37,0,1
BRDA:29,38,0,0
BRDA:29,39,0,0
BRDA:29,40,0,0
BRDA:29,41,0,0
BRDA:29,42,0,0
BRDA:29,43,0,4
BRDA:29,44,0,3
BRDA:29,45,0,1
BRDA:29,46,0,4
BRDA:29,47,0,2
BRDA:29,48,0,1
BRDA:29,49,0,0
BRDA:29,50,0,1
BRDA:29,51,0,0
BRDA:12,52,0,1
BRDA:13,53,0,2
BRDA:17,54,0,2
BRDA:29,55,0,2
BRDA:29,56,0,4
BRDA:18,57,0,2
BRDA:29,58,0,0
BRDA:29,59,0,2
BRDA:19,60,0,1
BRDA:29,61,0,0
BRF:62
BRH:39
end_of_record
TN:
SF:src/modules/users/services/UpdateProfileService.ts
FN:66,__decorate
FN:66,__metadata
FN:66,__param
FN:66,__awaiter
FN:66,adopt
FN:66,fulfilled
FN:66,rejected
FN:66,step
FN:66,__generator
FN:66,sent
FN:66,Symbol.function.g.(anonymous function)
FN:66,verb
FN:66,step
FN:66,__importDefault
FN:18,UpdateProfileService
FN:23,UpdateProfileService.execute
FNF:16
FNH:14
FNDA:1,__decorate
FNDA:1,__metadata
FNDA:2,__param
FNDA:6,__awaiter
FNDA:14,adopt
FNDA:14,fulfilled
FNDA:0,rejected
FNDA:16,step
FNDA:6,__generator
FNDA:14,sent
FNDA:0,Symbol.function.g.(anonymous function)
FNDA:18,verb
FNDA:20,step
FNDA:1,__importDefault
FNDA:6,UpdateProfileService
FNDA:6,UpdateProfileService.execute
DA:1,1
DA:2,1
DA:3,1
DA:4,1
DA:5,1
DA:6,1
DA:7,1
DA:8,1
DA:9,1
DA:10,1
DA:11,1
DA:12,1
DA:13,1
DA:14,1
DA:15,1
DA:16,1
DA:17,1
DA:18,1
DA:19,6
DA:20,6
DA:21,6
DA:22,1
DA:23,1
DA:24,6
DA:25,6
DA:26,6
DA:27,6
DA:28,6
DA:29,6
DA:30,6
DA:31,6
DA:32,1
DA:33,1
DA:34,5
DA:35,6
DA:36,6
DA:37,1
DA:38,1
DA:39,4
DA:40,4
DA:41,4
DA:42,6
DA:43,1
DA:44,1
DA:45,1
DA:46,1
DA:47,3
DA:48,6
DA:49,2
DA:50,2
DA:51,2
DA:52,2
DA:53,6
DA:54,6
DA:55,6
DA:56,6
DA:57,6
DA:58,6
DA:59,6
DA:60,1
DA:61,6
DA:62,6
DA:63,6
DA:64,1
DA:65,1
DA:66,1
LF:66
LH:66
BRDA:66,0,0,1
BRDA:66,1,0,1
BRDA:66,2,0,0
BRDA:66,3,0,0
BRDA:66,4,0,0
BRDA:66,5,0,0
BRDA:66,6,0,1
BRDA:66,7,0,2
BRDA:66,8,0,2
BRDA:66,9,0,6
BRDA:66,10,0,14
BRDA:66,11,0,0
BRDA:66,12,0,6
BRDA:66,13,0,14
BRDA:66,14,0,10
BRDA:66,15,0,4
BRDA:66,16,0,16
BRDA:66,17,0,2
BRDA:66,18,0,14
BRDA:66,19,0,6
BRDA:66,20,0,14
BRDA:66,21,0,0
BRDA:66,22,0,18
BRDA:66,23,0,20
BRDA:66,24,0,20
BRDA:66,25,0,0
BRDA:66,26,0,42
BRDA:66,27,0,0
BRDA:66,28,0,0
BRDA:66,29,0,0
BRDA:66,30,0,0
BRDA:66,31,0,20
BRDA:66,32,0,20
BRDA:66,33,0,0
BRDA:66,34,0,14
BRDA:66,35,0,0
BRDA:66,36,0,8
BRDA:66,37,0,0
BRDA:66,38,0,4
BRDA:66,39,0,6
BRDA:66,40,0,2
BRDA:66,41,0,0
BRDA:66,42,0,2
BRDA:66,43,0,0
BRDA:66,44,0,0
BRDA:66,45,0,0
BRDA:66,46,0,0
BRDA:66,47,0,22
BRDA:66,48,0,18
BRDA:66,49,0,4
BRDA:66,50,0,22
BRDA:66,51,0,6
BRDA:66,52,0,4
BRDA:66,53,0,2
BRDA:66,54,0,0
BRDA:66,55,0,1
BRDA:66,56,0,0
BRDA:17,57,0,1
BRDA:18,58,0,6
BRDA:23,59,0,6
BRDA:66,60,0,6
BRDA:66,61,0,22
BRDA:30,62,0,6
BRDA:66,63,0,0
BRDA:66,64,0,6
BRDA:31,65,0,1
BRDA:33,66,0,5
BRDA:66,67,0,0
BRDA:66,68,0,5
BRDA:36,69,0,1
BRDA:36,70,0,1
BRDA:38,71,0,4
BRDA:42,72,0,3
BRDA:42,73,0,1
BRDA:46,74,0,3
BRDA:48,75,0,2
BRDA:48,76,0,1
BRDA:48,77,0,2
BRDA:66,78,0,0
BRDA:66,79,0,2
BRDA:66,80,0,1
BRDA:66,81,0,2
BRDA:59,82,0,1
BRDA:66,83,0,0
BRDA:66,84,0,1
BRDA:62,85,0,2
BRDA:66,86,0,0
BRF:87
BRH:61
end_of_record
TN:
SF:src/modules/users/services/UpdateUserAvatarServices.ts
FN:39,__decorate
FN:39,__metadata
FN:39,__param
FN:39,__awaiter
FN:39,adopt
FN:39,fulfilled
FN:39,rejected
FN:39,step
FN:39,__generator
FN:39,sent
FN:39,Symbol.function.g.(anonymous function)
FN:39,verb
FN:39,step
FN:39,__importDefault
FN:15,UpdateUserAvatarService
FN:20,UpdateUserAvatarService.execute
FNF:16
FNH:14
FNDA:1,__decorate
FNDA:1,__metadata
FNDA:2,__param
FNDA:4,__awaiter
FNDA:11,adopt
FNDA:11,fulfilled
FNDA:0,rejected
FNDA:14,step
FNDA:4,__generator
FNDA:11,sent
FNDA:0,Symbol.function.g.(anonymous function)
FNDA:12,verb
FNDA:15,step
FNDA:1,__importDefault
FNDA:3,UpdateUserAvatarService
FNDA:4,UpdateUserAvatarService.execute
DA:1,1
DA:2,1
DA:3,1
DA:4,1
DA:5,1
DA:6,1
DA:7,1
DA:8,1
DA:9,1
DA:10,1
DA:11,1
DA:12,1
DA:13,1
DA:14,1
DA:15,1
DA:16,3
DA:17,3
DA:18,3
DA:19,1
DA:20,1
DA:21,4
DA:22,4
DA:23,4
DA:24,1
DA:25,1
DA:26,3
DA:27,3
DA:28,1
DA:29,4
DA:30,4
DA:31,4
DA:32,4
DA:33,4
DA:34,4
DA:35,4
DA:36,4
DA:37,1
DA:38,1
DA:39,1
LF:39
LH:39
BRDA:39,0,0,1
BRDA:39,1,0,1
BRDA:39,2,0,0
BRDA:39,3,0,0
BRDA:39,4,0,0
BRDA:39,5,0,0
BRDA:39,6,0,1
BRDA:39,7,0,2
BRDA:39,8,0,2
BRDA:39,9,0,4
BRDA:39,10,0,11
BRDA:39,11,0,0
BRDA:39,12,0,4
BRDA:39,13,0,11
BRDA:39,14,0,10
BRDA:39,15,0,1
BRDA:39,16,0,14
BRDA:39,17,0,3
BRDA:39,18,0,11
BRDA:39,19,0,4
BRDA:39,20,0,11
BRDA:39,21,0,0
BRDA:39,22,0,12
BRDA:39,23,0,15
BRDA:39,24,0,15
BRDA:39,25,0,0
BRDA:39,26,0,32
BRDA:39,27,0,0
BRDA:39,28,0,0
BRDA:39,29,0,0
BRDA:39,30,0,0
BRDA:39,31,0,15
BRDA:39,32,0,15
BRDA:39,33,0,0
BRDA:39,34,0,11
BRDA:39,35,0,0
BRDA:39,36,0,6
BRDA:39,37,0,0
BRDA:39,38,0,5
BRDA:39,39,0,4
BRDA:39,40,0,2
BRDA:39,41,0,0
BRDA:39,42,0,2
BRDA:39,43,0,0
BRDA:39,44,0,0
BRDA:39,45,0,0
BRDA:39,46,0,0
BRDA:39,47,0,17
BRDA:39,48,0,16
BRDA:39,49,0,1
BRDA:39,50,0,17
BRDA:39,51,0,4
BRDA:39,52,0,1
BRDA:39,53,0,3
BRDA:39,54,0,0
BRDA:39,55,0,1
BRDA:39,56,0,0
BRDA:14,57,0,1
BRDA:15,58,0,3
BRDA:20,59,0,4
BRDA:39,60,0,4
BRDA:39,61,0,17
BRDA:21,62,0,4
BRDA:39,63,0,0
BRDA:39,64,0,4
BRDA:23,65,0,1
BRDA:25,66,0,3
BRDA:27,67,0,2
BRDA:27,68,0,1
BRDA:39,69,0,0
BRDA:39,70,0,1
BRDA:31,71,0,3
BRDA:39,72,0,0
BRDA:39,73,0,3
BRDA:39,74,0,0
BRDA:39,75,0,3
BRDA:39,76,0,0
BRF:77
BRH:51
end_of_record
